  game.c
  main.c
c:\users\bress\documents\gitprojects\2d-color-puzzle\colorpuzzle\main.c(37): warning C4013: 'time' undefined; assuming extern returning int
c:\users\bress\documents\gitprojects\2d-color-puzzle\colorpuzzle\main.c(61): warning C4020: 'gluOrtho2D': too many actual parameters
c:\users\bress\documents\gitprojects\2d-color-puzzle\colorpuzzle\main.c(63): warning C4113: 'void (__cdecl *)()' differs in parameter lists from 'void (__cdecl *)(void)'
c:\users\bress\documents\gitprojects\2d-color-puzzle\colorpuzzle\main.c(69): warning C4013: 'displayBoard' undefined; assuming extern returning int
c:\users\bress\documents\gitprojects\2d-color-puzzle\colorpuzzle\main.c(147): warning C4244: '=': conversion from 'int' to 'float', possible loss of data
c:\users\bress\documents\gitprojects\2d-color-puzzle\colorpuzzle\main.c(148): warning C4244: '=': conversion from 'int' to 'float', possible loss of data
c:\users\bress\documents\gitprojects\2d-color-puzzle\colorpuzzle\main.c(149): warning C4244: '=': conversion from 'int' to 'float', possible loss of data
c:\users\bress\documents\gitprojects\2d-color-puzzle\colorpuzzle\main.c(150): warning C4244: '=': conversion from 'int' to 'float', possible loss of data
c:\users\bress\documents\gitprojects\2d-color-puzzle\colorpuzzle\main.c(151): warning C4244: '=': conversion from 'int' to 'float', possible loss of data
c:\users\bress\documents\gitprojects\2d-color-puzzle\colorpuzzle\main.c(152): warning C4244: '=': conversion from 'int' to 'float', possible loss of data
c:\users\bress\documents\gitprojects\2d-color-puzzle\colorpuzzle\main.c(153): warning C4244: '=': conversion from 'int' to 'float', possible loss of data
c:\users\bress\documents\gitprojects\2d-color-puzzle\colorpuzzle\main.c(154): warning C4244: '=': conversion from 'int' to 'float', possible loss of data
c:\users\bress\documents\gitprojects\2d-color-puzzle\colorpuzzle\main.c(155): warning C4244: '=': conversion from 'int' to 'float', possible loss of data
c:\users\bress\documents\gitprojects\2d-color-puzzle\colorpuzzle\main.c(156): warning C4244: '=': conversion from 'int' to 'float', possible loss of data
c:\users\bress\documents\gitprojects\2d-color-puzzle\colorpuzzle\main.c(157): warning C4244: '=': conversion from 'int' to 'float', possible loss of data
c:\users\bress\documents\gitprojects\2d-color-puzzle\colorpuzzle\main.c(158): warning C4244: '=': conversion from 'int' to 'float', possible loss of data
c:\users\bress\documents\gitprojects\2d-color-puzzle\colorpuzzle\main.c(160): warning C4013: 'compareColors' undefined; assuming extern returning int
  Rendering.c
c:\users\bress\documents\gitprojects\2d-color-puzzle\colorpuzzle\rendering.c(44): warning C4244: 'initializing': conversion from 'double' to 'float', possible loss of data
c:\users\bress\documents\gitprojects\2d-color-puzzle\colorpuzzle\rendering.c(45): warning C4244: 'initializing': conversion from 'double' to 'float', possible loss of data
  Generating code
  22 of 23 functions (95.7%) were compiled, the rest were copied from previous compilation.
    0 functions were new in current compilation
    0 functions had inline decision re-evaluated but remain unchanged
  Finished generating code
  ColorPuzzle.vcxproj -> C:\Users\bress\Documents\gitProjects\2D-Color-Puzzle\Release\ColorPuzzle.exe
